<?xml version="1.0" encoding="UTF-8"?>
<!-- Generated by org.testng.reporters.JUnitXMLReporter -->
<testsuite ignored="0" hostname="DESKTOP-H9BGDOE" failures="0" tests="3" name="Default test" time="3.168" errors="0" timestamp="2024-02-22T11:15:35 IST">
  <testcase classname="Azure.Project.CreateProject" name="createProject" time="2.608"/>
  <testcase classname="Azure.Project.DeleteProject" name="getProjectIdFromName" time="0.453"/>
  <testcase classname="Azure.Project.DeleteProject" name="deleteProject" time="0.011"/>
</testsuite> <!-- Default test -->
