<?xml version="1.0" encoding="UTF-8"?>
<!-- Generated by org.testng.reporters.JUnitXMLReporter -->
<testsuite ignored="0" hostname="DESKTOP-H9BGDOE" failures="0" tests="6" name="Test" time="6.641" errors="0" timestamp="2024-02-22T11:21:37 IST">
  <testcase classname="Azure.Project.GetListOfProject" name="getProjectList" time="3.785"/>
  <testcase classname="Azure.Project.CreateProject" name="createProject" time="0.935"/>
  <testcase classname="Azure.Project.DeleteProject" name="getProjectIdFromName" time="0.559"/>
  <testcase classname="Azure.Project.DeleteProject" name="deleteProject" time="0.002"/>
  <testcase classname="Azure.Project.GetProject" name="getProject" time="0.677"/>
  <testcase classname="Azure.Project.GetProjectProperties" name="GetProjectProperties" time="0.567"/>
</testsuite> <!-- Test -->
