<?xml version="1.0" encoding="UTF-8"?>
<!-- Generated by org.testng.reporters.JUnitXMLReporter -->
<testsuite ignored="0" hostname="DESKTOP-H9BGDOE" failures="4" tests="6" name="Test" time="5.091" errors="0" timestamp="2024-02-23T16:26:26 IST">
  <testcase classname="Azure.Project.GetListOfProject" name="getProjectList" time="2.918">
    <failure type="java.lang.AssertionError" message="expected [200] but found [401]">
      <![CDATA[java.lang.AssertionError: expected [200] but found [401]
at Azure.Project.GetListOfProject.getProjectList(GetListOfProject.java:56)
at java.base/java.util.ArrayList.forEach(ArrayList.java:1511)
... Removed 34 stack frames]]>
    </failure>
  </testcase> <!-- getProjectList -->
  <testcase classname="Azure.Project.CreateProject" name="createProject" time="0.669">
    <failure type="java.lang.AssertionError" message="expected [202] but found [401]">
      <![CDATA[java.lang.AssertionError: expected [202] but found [401]
at Azure.Project.CreateProject.createProject(CreateProject.java:37)
at java.base/java.util.ArrayList.forEach(ArrayList.java:1511)
... Removed 34 stack frames]]>
    </failure>
  </testcase> <!-- createProject -->
  <testcase classname="Azure.Project.DeleteProject" name="getProjectIdFromName" time="0.406"/>
  <testcase classname="Azure.Project.DeleteProject" name="deleteProject" time="0.006"/>
  <testcase classname="Azure.Project.GetProject" name="getProject" time="0.651">
    <failure type="java.lang.AssertionError" message="expected [200] but found [401]">
      <![CDATA[java.lang.AssertionError: expected [200] but found [401]
at Azure.Project.GetProject.getProject(GetProject.java:32)
at java.base/java.util.ArrayList.forEach(ArrayList.java:1511)
... Removed 34 stack frames]]>
    </failure>
  </testcase> <!-- getProject -->
  <testcase classname="Azure.Project.GetProjectProperties" name="GetProjectProperties" time="0.308">
    <failure type="java.lang.AssertionError" message="expected [200] but found [401]">
      <![CDATA[java.lang.AssertionError: expected [200] but found [401]
at Azure.Project.GetProjectProperties.GetProjectProperties(GetProjectProperties.java:38)
at java.base/java.util.ArrayList.forEach(ArrayList.java:1511)
... Removed 34 stack frames]]>
    </failure>
  </testcase> <!-- GetProjectProperties -->
</testsuite> <!-- Test -->
