<?xml version="1.0" encoding="UTF-8"?>
<testng-results ignored="0" total="1" passed="1" failed="0" skipped="0">
  <reporter-output>
  </reporter-output>
  <suite started-at="2024-02-21T11:59:13 IST" name="Default suite" finished-at="2024-02-21T11:59:18 IST" duration-ms="4240">
    <groups>
    </groups>
    <test started-at="2024-02-21T11:59:13 IST" name="Default test" finished-at="2024-02-21T11:59:18 IST" duration-ms="4240">
      <class name="RestAssured.RestAssured.AppTest">
        <test-method signature="shouldAnswerWithTrue()[pri:0, instance:RestAssured.RestAssured.AppTest@65c7a252]" started-at="2024-02-21T11:59:13 IST" name="shouldAnswerWithTrue" finished-at="2024-02-21T11:59:18 IST" duration-ms="4186" status="PASS">
          <reporter-output>
          </reporter-output>
        </test-method> <!-- shouldAnswerWithTrue -->
      </class> <!-- RestAssured.RestAssured.AppTest -->
    </test> <!-- Default test -->
  </suite> <!-- Default suite -->
</testng-results>
